<?xml version="1.0" encoding="UTF-8"?>
<!-- Generated by org.testng.reporters.JUnitReportReporter -->
<testsuite skipped="0" hostname="khaleel" name="com.freeStyle.StartExample" tests="1" failures="0" timestamp="02 Apr 2019 07:21:44 GMT" time="0.030" errors="0">
  <testcase name="test2" time="0.030" classname="com.freeStyle.StartExample"/>
</testsuite> <!-- com.freeStyle.StartExample -->
