<?xml version="1.0" encoding="UTF-8"?>
<!-- Generated by org.testng.reporters.JUnitReportReporter -->
<testsuite skipped="0" hostname="khaleel" name="com.freeStyle.Test5" tests="1" failures="0" timestamp="02 Apr 2019 12:50:06 GMT" time="0.168" errors="0">
  <testcase name="downloadfilevalidation" time="0.168" classname="com.freeStyle.Test5"/>
</testsuite> <!-- com.freeStyle.Test5 -->
